# JRE version: Java(TM) SE Runtime Environment (17.0+35) (build 17+35-LTS-2724)
# Java VM: Java HotSpot(TM) 64-Bit Server VM (17+35-LTS-2724, mixed mode, emulated-client, sharing, tiered, compressed oops, compressed class ptrs, g1 gc, windows-amd64)
GC Precious Log:
 CPUs: 4 total, 4 available
 Memory: 8072M
 Large Page Support: Disabled
 NUMA Support: Disabled
 Compressed Oops: Enabled (32-bit)
 Heap Region Size: 1M
 Heap Min Capacity: 8M
 Heap Initial Capacity: 128M
 Heap Max Capacity: 2020M
 Pre-touch: Disabled
 Parallel Workers: 4
 Concurrent Workers: 1
 Concurrent Refinement Workers: 4
 Periodic GC: Disabled
Heap:
 garbage-first heap   total 360448K, used 116736K [0x0000000081c00000, 0x0000000100000000)
  region size 1024K, 19 young (19456K), 19 survivors (19456K)
 Metaspace       used 5350K, committed 5568K, reserved 1056768K
  class space    used 664K, committed 768K, reserved 1048576K
GC Heap History (20 events):
Event: 1.559 GC heap after
{Heap after GC invocations=3 (full 0):
 garbage-first heap   total 131072K, used 22528K [0x0000000081c00000, 0x0000000100000000)
  region size 1024K, 2 young (2048K), 2 survivors (2048K)
 Metaspace       used 4460K, committed 4672K, reserved 1056768K
  class space    used 539K, committed 640K, reserved 1048576K
}
Event: 1.807 GC heap before
{Heap before GC invocations=3 (full 0):
 garbage-first heap   total 131072K, used 41984K [0x0000000081c00000, 0x0000000100000000)
  region size 1024K, 22 young (22528K), 2 survivors (2048K)
 Metaspace       used 4810K, committed 5056K, reserved 1056768K
  class space    used 576K, committed 704K, reserved 1048576K
}
Event: 1.817 GC heap after
{Heap after GC invocations=4 (full 0):
 garbage-first heap   total 131072K, used 30542K [0x0000000081c00000, 0x0000000100000000)
  region size 1024K, 3 young (3072K), 3 survivors (3072K)
 Metaspace       used 4810K, committed 5056K, reserved 1056768K
  class space    used 576K, committed 704K, reserved 1048576K
}
Event: 2.221 GC heap before
{Heap before GC invocations=4 (full 0):
 garbage-first heap   total 131072K, used 61262K [0x0000000081c00000, 0x0000000100000000)
  region size 1024K, 30 young (30720K), 3 survivors (3072K)
 Metaspace       used 5343K, committed 5568K, reserved 1056768K
  class space    used 664K, committed 768K, reserved 1048576K
}
Event: 2.240 GC heap after
{Heap after GC invocations=5 (full 0):
 garbage-first heap   total 180224K, used 41312K [0x0000000081c00000, 0x0000000100000000)
  region size 1024K, 4 young (4096K), 4 survivors (4096K)
 Metaspace       used 5343K, committed 5568K, reserved 1056768K
  class space    used 664K, committed 768K, reserved 1048576K
}
Event: 2.653 GC heap before
{Heap before GC invocations=5 (full 0):
 garbage-first heap   total 180224K, used 121184K [0x0000000081c00000, 0x0000000100000000)
  region size 1024K, 76 young (77824K), 4 survivors (4096K)
 Metaspace       used 5349K, committed 5568K, reserved 1056768K
  class space    used 664K, committed 768K, reserved 1048576K
}
Event: 2.686 GC heap after
{Heap after GC invocations=6 (full 0):
 garbage-first heap   total 180224K, used 64512K [0x0000000081c00000, 0x0000000100000000)
  region size 1024K, 10 young (10240K), 10 survivors (10240K)
 Metaspace       used 5349K, committed 5568K, reserved 1056768K
  class space    used 664K, committed 768K, reserved 1048576K
}
Event: 2.741 GC heap before
{Heap before GC invocations=6 (full 0):
 garbage-first heap   total 180224K, used 109568K [0x0000000081c00000, 0x0000000100000000)
  region size 1024K, 54 young (55296K), 10 survivors (10240K)
 Metaspace       used 5350K, committed 5568K, reserved 1056768K
  class space    used 664K, committed 768K, reserved 1048576K
}
Event: 2.761 GC heap after
{Heap after GC invocations=7 (full 0):
 garbage-first heap   total 180224K, used 68474K [0x0000000081c00000, 0x0000000100000000)
  region size 1024K, 3 young (3072K), 3 survivors (3072K)
 Metaspace       used 5350K, committed 5568K, reserved 1056768K
  class space    used 664K, committed 768K, reserved 1048576K
}
Event: 2.867 GC heap before
{Heap before GC invocations=7 (full 0):
 garbage-first heap   total 180224K, used 119674K [0x0000000081c00000, 0x0000000100000000)
  region size 1024K, 53 young (54272K), 3 survivors (3072K)
 Metaspace       used 5350K, committed 5568K, reserved 1056768K
  class space    used 664K, committed 768K, reserved 1048576K
}
Event: 2.873 GC heap after
{Heap after GC invocations=8 (full 0):
 garbage-first heap   total 180224K, used 70908K [0x0000000081c00000, 0x0000000100000000)
  region size 1024K, 6 young (6144K), 6 survivors (6144K)
 Metaspace       used 5350K, committed 5568K, reserved 1056768K
  class space    used 664K, committed 768K, reserved 1048576K
}
Event: 2.953 GC heap before
{Heap before GC invocations=8 (full 0):
 garbage-first heap   total 180224K, used 128252K [0x0000000081c00000, 0x0000000100000000)
  region size 1024K, 61 young (62464K), 6 survivors (6144K)
 Metaspace       used 5350K, committed 5568K, reserved 1056768K
  class space    used 664K, committed 768K, reserved 1048576K
}
Event: 2.962 GC heap after
{Heap after GC invocations=9 (full 0):
 garbage-first heap   total 360448K, used 74733K [0x0000000081c00000, 0x0000000100000000)
  region size 1024K, 6 young (6144K), 6 survivors (6144K)
 Metaspace       used 5350K, committed 5568K, reserved 1056768K
  class space    used 664K, committed 768K, reserved 1048576K
}
Event: 3.243 GC heap before
{Heap before GC invocations=9 (full 0):
 garbage-first heap   total 360448K, used 249837K [0x0000000081c00000, 0x0000000100000000)
  region size 1024K, 175 young (179200K), 6 survivors (6144K)
 Metaspace       used 5350K, committed 5568K, reserved 1056768K
  class space    used 664K, committed 768K, reserved 1048576K
}
Event: 3.260 GC heap after
{Heap after GC invocations=10 (full 0):
 garbage-first heap   total 360448K, used 85077K [0x0000000081c00000, 0x0000000100000000)
  region size 1024K, 14 young (14336K), 14 survivors (14336K)
 Metaspace       used 5350K, committed 5568K, reserved 1056768K
  class space    used 664K, committed 768K, reserved 1048576K
}
Event: 3.433 GC heap before
{Heap before GC invocations=10 (full 0):
 garbage-first heap   total 360448K, used 272469K [0x0000000081c00000, 0x0000000100000000)
  region size 1024K, 196 young (200704K), 14 survivors (14336K)
 Metaspace       used 5350K, committed 5568K, reserved 1056768K
  class space    used 664K, committed 768K, reserved 1048576K
}
Event: 3.456 GC heap after
{Heap after GC invocations=11 (full 0):
 garbage-first heap   total 360448K, used 95019K [0x0000000081c00000, 0x0000000100000000)
  region size 1024K, 20 young (20480K), 20 survivors (20480K)
 Metaspace       used 5350K, committed 5568K, reserved 1056768K
  class space    used 664K, committed 768K, reserved 1048576K
}
Event: 3.682 GC heap before
{Heap before GC invocations=11 (full 0):
 garbage-first heap   total 360448K, used 281387K [0x0000000081c00000, 0x0000000100000000)
  region size 1024K, 200 young (204800K), 20 survivors (20480K)
 Metaspace       used 5350K, committed 5568K, reserved 1056768K
  class space    used 664K, committed 768K, reserved 1048576K
}
Event: 3.711 GC heap after
{Heap after GC invocations=12 (full 0):
 garbage-first heap   total 360448K, used 106773K [0x0000000081c00000, 0x0000000100000000)
  region size 1024K, 19 young (19456K), 19 survivors (19456K)
 Metaspace       used 5350K, committed 5568K, reserved 1056768K
  class space    used 664K, committed 768K, reserved 1048576K
}
Event: 3.867 GC heap before
{Heap before GC invocations=12 (full 0):
 garbage-first heap   total 360448K, used 284949K [0x0000000081c00000, 0x0000000100000000)
  region size 1024K, 193 young (197632K), 19 survivors (19456K)
 Metaspace       used 5350K, committed 5568K, reserved 1056768K
  class space    used 664K, committed 768K, reserved 1048576K
}

